This file contains any messages produced by compilers while
running configure, to aid debugging if configure makes a mistake.

It was created by configure, which was
generated by GNU Autoconf 2.69.  Invocation command line was

  $ ./configure 

## --------- ##
## Platform. ##
## --------- ##

hostname = fedora
uname -m = x86_64
uname -r = 5.10.102.1-microsoft-standard-WSL2
uname -s = Linux
uname -v = #1 SMP Wed Mar 2 00:30:59 UTC 2022

/usr/bin/uname -p = x86_64
/bin/uname -X     = unknown

/bin/arch              = x86_64
/usr/bin/arch -k       = unknown
/usr/convex/getsysinfo = unknown
/usr/bin/hostinfo      = unknown
/bin/machine           = unknown
/usr/bin/oslevel       = unknown
/bin/universe          = unknown

PATH: /home/larry/.vscode-server/bin/129500ee4c8ab7263461ffe327268ba56b9f210d/bin/remote-cli
PATH: /home/larry/.local/bin
PATH: /home/larry/bin
PATH: /usr/local/sbin
PATH: /usr/local/bin
PATH: /usr/sbin
PATH: /usr/bin
PATH: /sbin
PATH: /bin
PATH: /usr/games
PATH: /usr/local/games
PATH: /usr/lib/wsl/lib
PATH: /mnt/c/WINDOWS/system32
PATH: /mnt/c/WINDOWS
PATH: /mnt/c/WINDOWS/System32/Wbem
PATH: /mnt/c/WINDOWS/System32/WindowsPowerShell/v1.0/
PATH: /mnt/c/WINDOWS/System32/OpenSSH/
PATH: /mnt/c/Program Files (x86)/IDEMIA/AWP/Dlls
PATH: /mnt/c/Program Files/IDEMIA/AWP/Dlls
PATH: /mnt/c/Program Files/PuTTY/
PATH: /mnt/c/Program Files (x86)/Plantronics/Spokes3G/
PATH: /mnt/c/Users/kkaraivanov/AppData/Local/Microsoft/WindowsApps
PATH: /mnt/c/Users/kkaraivanov/AppData/Local/Programs/Microsoft VS Code/bin
PATH: /home/larry/.dotnet/tools
PATH: /opt/sonar-scanner/bin
PATH: /home/larry/.krew/bin
PATH: /home/larry/.dotnet/tools
PATH: /opt/sonar-scanner/bin
PATH: /home/larry/.krew/bin


## ----------- ##
## Core tests. ##
## ----------- ##

configure:2158: checking for gcc
configure:2174: found /usr/bin/gcc
configure:2185: result: gcc
configure:2414: checking for C compiler version
configure:2423: gcc --version >&5
gcc (GCC) 12.2.1 20220819 (Red Hat 12.2.1-2)
Copyright (C) 2022 Free Software Foundation, Inc.
This is free software; see the source for copying conditions.  There is NO
warranty; not even for MERCHANTABILITY or FITNESS FOR A PARTICULAR PURPOSE.

configure:2434: $? = 0
configure:2423: gcc -v >&5
Using built-in specs.
COLLECT_GCC=gcc
COLLECT_LTO_WRAPPER=/usr/libexec/gcc/x86_64-redhat-linux/12/lto-wrapper
OFFLOAD_TARGET_NAMES=nvptx-none
OFFLOAD_TARGET_DEFAULT=1
Target: x86_64-redhat-linux
Configured with: ../configure --enable-bootstrap --enable-languages=c,c++,fortran,objc,obj-c++,ada,go,d,lto --prefix=/usr --mandir=/usr/share/man --infodir=/usr/share/info --with-bugurl=http://bugzilla.redhat.com/bugzilla --enable-shared --enable-threads=posix --enable-checking=release --enable-multilib --with-system-zlib --enable-__cxa_atexit --disable-libunwind-exceptions --enable-gnu-unique-object --enable-linker-build-id --with-gcc-major-version-only --enable-libstdcxx-backtrace --with-linker-hash-style=gnu --enable-plugin --enable-initfini-array --with-isl=/builddir/build/BUILD/gcc-12.2.1-20220819/obj-x86_64-redhat-linux/isl-install --enable-offload-targets=nvptx-none --without-cuda-driver --enable-offload-defaulted --enable-gnu-indirect-function --enable-cet --with-tune=generic --with-arch_32=i686 --build=x86_64-redhat-linux --with-build-config=bootstrap-lto --enable-link-serialization=1
Thread model: posix
Supported LTO compression algorithms: zlib zstd
gcc version 12.2.1 20220819 (Red Hat 12.2.1-2) (GCC) 
... rest of stderr output deleted ...
configure:2434: $? = 0
configure:2423: gcc -V >&5
gcc: error: unrecognized command-line option '-V'
gcc: fatal error: no input files
compilation terminated.
configure:2434: $? = 1
configure:2423: gcc -qversion >&5
gcc: error: unrecognized command-line option '-qversion'; did you mean '--version'?
gcc: fatal error: no input files
compilation terminated.
configure:2434: $? = 1
configure:2454: checking whether the C compiler works
configure:2476: gcc    conftest.c  >&5
configure:2480: $? = 0
configure:2528: result: yes
configure:2531: checking for C compiler default output file name
configure:2533: result: a.out
configure:2539: checking for suffix of executables
configure:2546: gcc -o conftest    conftest.c  >&5
configure:2550: $? = 0
configure:2572: result: 
configure:2594: checking whether we are cross compiling
configure:2602: gcc -o conftest    conftest.c  >&5
configure:2606: $? = 0
configure:2613: ./conftest
configure:2617: $? = 0
configure:2632: result: no
configure:2637: checking for suffix of object files
configure:2659: gcc -c   conftest.c >&5
configure:2663: $? = 0
configure:2684: result: o
configure:2688: checking whether we are using the GNU C compiler
configure:2707: gcc -c   conftest.c >&5
configure:2707: $? = 0
configure:2716: result: yes
configure:2725: checking whether gcc accepts -g
configure:2745: gcc -c -g  conftest.c >&5
configure:2745: $? = 0
configure:2786: result: yes
configure:2803: checking for gcc option to accept ISO C89
configure:2866: gcc  -c -g -O2  conftest.c >&5
configure:2866: $? = 0
configure:2879: result: none needed
configure:2904: checking for malloc in -lc
configure:2929: gcc -o conftest -g -O2   conftest.c -lc   >&5
conftest.c:16:6: warning: conflicting types for built-in function 'malloc'; expected 'void *(long unsigned int)' [-Wbuiltin-declaration-mismatch]
   16 | char malloc ();
      |      ^~~~~~
conftest.c:1:1: note: 'malloc' is declared in header '<stdlib.h>'
    1 | /* confdefs.h */
configure:2929: $? = 0
configure:2938: result: yes
configure:2955: checking how to run the C preprocessor
configure:2986: gcc -E  conftest.c
configure:2986: $? = 0
configure:3000: gcc -E  conftest.c
conftest.c:10:10: fatal error: ac_nonexistent.h: No such file or directory
   10 | #include <ac_nonexistent.h>
      |          ^~~~~~~~~~~~~~~~~~
compilation terminated.
configure:3000: $? = 1
configure: failed program was:
| /* confdefs.h */
| #define PACKAGE_NAME ""
| #define PACKAGE_TARNAME ""
| #define PACKAGE_VERSION ""
| #define PACKAGE_STRING ""
| #define PACKAGE_BUGREPORT ""
| #define PACKAGE_URL ""
| #define HAVE_LIBC 1
| /* end confdefs.h.  */
| #include <ac_nonexistent.h>
configure:3025: result: gcc -E
configure:3045: gcc -E  conftest.c
configure:3045: $? = 0
configure:3059: gcc -E  conftest.c
conftest.c:10:10: fatal error: ac_nonexistent.h: No such file or directory
   10 | #include <ac_nonexistent.h>
      |          ^~~~~~~~~~~~~~~~~~
compilation terminated.
configure:3059: $? = 1
configure: failed program was:
| /* confdefs.h */
| #define PACKAGE_NAME ""
| #define PACKAGE_TARNAME ""
| #define PACKAGE_VERSION ""
| #define PACKAGE_STRING ""
| #define PACKAGE_BUGREPORT ""
| #define PACKAGE_URL ""
| #define HAVE_LIBC 1
| /* end confdefs.h.  */
| #include <ac_nonexistent.h>
configure:3088: checking for grep that handles long lines and -e
configure:3146: result: /usr/bin/grep
configure:3151: checking for egrep
configure:3213: result: /usr/bin/grep -E
configure:3218: checking for ANSI C header files
configure:3238: gcc -c -g -O2  conftest.c >&5
configure:3238: $? = 0
configure:3311: gcc -o conftest -g -O2   conftest.c -lc  >&5
configure:3311: $? = 0
configure:3311: ./conftest
configure:3311: $? = 0
configure:3322: result: yes
configure:3335: checking for sys/types.h
configure:3335: gcc -c -g -O2  conftest.c >&5
configure:3335: $? = 0
configure:3335: result: yes
configure:3335: checking for sys/stat.h
configure:3335: gcc -c -g -O2  conftest.c >&5
configure:3335: $? = 0
configure:3335: result: yes
configure:3335: checking for stdlib.h
configure:3335: gcc -c -g -O2  conftest.c >&5
configure:3335: $? = 0
configure:3335: result: yes
configure:3335: checking for string.h
configure:3335: gcc -c -g -O2  conftest.c >&5
configure:3335: $? = 0
configure:3335: result: yes
configure:3335: checking for memory.h
configure:3335: gcc -c -g -O2  conftest.c >&5
configure:3335: $? = 0
configure:3335: result: yes
configure:3335: checking for strings.h
configure:3335: gcc -c -g -O2  conftest.c >&5
configure:3335: $? = 0
configure:3335: result: yes
configure:3335: checking for inttypes.h
configure:3335: gcc -c -g -O2  conftest.c >&5
configure:3335: $? = 0
configure:3335: result: yes
configure:3335: checking for stdint.h
configure:3335: gcc -c -g -O2  conftest.c >&5
configure:3335: $? = 0
configure:3335: result: yes
configure:3335: checking for unistd.h
configure:3335: gcc -c -g -O2  conftest.c >&5
configure:3335: $? = 0
configure:3335: result: yes
configure:3350: checking getopt.h usability
configure:3350: gcc -c -g -O2  conftest.c >&5
configure:3350: $? = 0
configure:3350: result: yes
configure:3350: checking getopt.h presence
configure:3350: gcc -E  conftest.c
configure:3350: $? = 0
configure:3350: result: yes
configure:3350: checking for getopt.h
configure:3350: result: yes
configure:3350: checking stdio.h usability
configure:3350: gcc -c -g -O2  conftest.c >&5
configure:3350: $? = 0
configure:3350: result: yes
configure:3350: checking stdio.h presence
configure:3350: gcc -E  conftest.c
configure:3350: $? = 0
configure:3350: result: yes
configure:3350: checking for stdio.h
configure:3350: result: yes
configure:3350: checking for stdlib.h
configure:3350: result: yes
configure:3350: checking for memory.h
configure:3350: result: yes
configure:3350: checking for string.h
configure:3350: result: yes
configure:3420: checking for ranlib
configure:3436: found /usr/bin/ranlib
configure:3447: result: ranlib
configure:3516: checking for as
configure:3532: found /usr/bin/as
configure:3543: result: as
configure:3612: checking for ar
configure:3628: found /usr/bin/ar
configure:3639: result: ar
configure:3695: checking build system type
configure:3709: result: x86_64-unknown-linux-gnu
configure:3729: checking host system type
configure:3742: result: x86_64-unknown-linux-gnu
configure:3762: checking target system type
configure:3775: result: x86_64-unknown-linux-gnu
configure:3856: checking for getopt_long
configure:3856: gcc -o conftest -g -O2   conftest.c -lc  >&5
configure:3856: $? = 0
configure:3856: result: yes
configure:3856: checking for memset
configure:3856: gcc -o conftest -g -O2   conftest.c -lc  >&5
conftest.c:49:6: warning: conflicting types for built-in function 'memset'; expected 'void *(void *, int,  long unsigned int)' [-Wbuiltin-declaration-mismatch]
   49 | char memset ();
      |      ^~~~~~
conftest.c:37:1: note: 'memset' is declared in header '<string.h>'
   36 | # include <limits.h>
   37 | #else
configure:3856: $? = 0
configure:3856: result: yes
configure:3856: checking for memmove
configure:3856: gcc -o conftest -g -O2   conftest.c -lc  >&5
conftest.c:50:6: warning: conflicting types for built-in function 'memmove'; expected 'void *(void *, const void *, long unsigned int)' [-Wbuiltin-declaration-mismatch]
   50 | char memmove ();
      |      ^~~~~~~
conftest.c:38:1: note: 'memmove' is declared in header '<string.h>'
   37 | # include <limits.h>
   38 | #else
configure:3856: $? = 0
configure:3856: result: yes
configure:3974: creating ./config.status

## ---------------------- ##
## Running config.status. ##
## ---------------------- ##

This file was extended by config.status, which was
generated by GNU Autoconf 2.69.  Invocation command line was

  CONFIG_FILES    = 
  CONFIG_HEADERS  = 
  CONFIG_LINKS    = 
  CONFIG_COMMANDS = 
  $ ./config.status 

on fedora

config.status:827: creating makefile
config.status:926: WARNING:  'makefile.in' seems to ignore the --datarootdir setting
config.status:827: creating config.h

## ---------------- ##
## Cache variables. ##
## ---------------- ##

ac_cv_build=x86_64-unknown-linux-gnu
ac_cv_c_compiler_gnu=yes
ac_cv_env_CC_set=
ac_cv_env_CC_value=
ac_cv_env_CFLAGS_set=
ac_cv_env_CFLAGS_value=
ac_cv_env_CPPFLAGS_set=
ac_cv_env_CPPFLAGS_value=
ac_cv_env_CPP_set=
ac_cv_env_CPP_value=
ac_cv_env_LDFLAGS_set=
ac_cv_env_LDFLAGS_value=
ac_cv_env_LIBS_set=
ac_cv_env_LIBS_value=
ac_cv_env_build_alias_set=
ac_cv_env_build_alias_value=
ac_cv_env_host_alias_set=
ac_cv_env_host_alias_value=
ac_cv_env_target_alias_set=
ac_cv_env_target_alias_value=
ac_cv_func_getopt_long=yes
ac_cv_func_memmove=yes
ac_cv_func_memset=yes
ac_cv_header_getopt_h=yes
ac_cv_header_inttypes_h=yes
ac_cv_header_memory_h=yes
ac_cv_header_stdc=yes
ac_cv_header_stdint_h=yes
ac_cv_header_stdio_h=yes
ac_cv_header_stdlib_h=yes
ac_cv_header_string_h=yes
ac_cv_header_strings_h=yes
ac_cv_header_sys_stat_h=yes
ac_cv_header_sys_types_h=yes
ac_cv_header_unistd_h=yes
ac_cv_host=x86_64-unknown-linux-gnu
ac_cv_lib_c_malloc=yes
ac_cv_objext=o
ac_cv_path_EGREP='/usr/bin/grep -E'
ac_cv_path_GREP=/usr/bin/grep
ac_cv_prog_CPP='gcc -E'
ac_cv_prog_ac_ct_AR=ar
ac_cv_prog_ac_ct_AS=as
ac_cv_prog_ac_ct_CC=gcc
ac_cv_prog_ac_ct_RANLIB=ranlib
ac_cv_prog_cc_c89=
ac_cv_prog_cc_g=yes
ac_cv_target=x86_64-unknown-linux-gnu

## ----------------- ##
## Output variables. ##
## ----------------- ##

AR='ar'
ARCH_OPTION=''
AS='as'
CC='gcc'
CFLAGS='-g -O2'
CPP='gcc -E'
CPPFLAGS=''
DEFS='-DHAVE_CONFIG_H'
ECHO_C=''
ECHO_N='-n'
ECHO_T=''
EGREP='/usr/bin/grep -E'
EXEEXT=''
GREP='/usr/bin/grep'
LDFLAGS=''
LIBOBJS=''
LIBS='-lc '
LTLIBOBJS=''
MLIBS='cpu_mode_unknown.o'
OBJEXT='o'
PACKAGE_BUGREPORT=''
PACKAGE_NAME=''
PACKAGE_STRING=''
PACKAGE_TARNAME=''
PACKAGE_URL=''
PACKAGE_VERSION=''
PATH_SEPARATOR=':'
RANLIB='ranlib'
REBIND='ldconfig'
SHELL='/bin/sh'
SH_LIB='libfec.so'
SO_NAME='3'
VERSION='3.0.0'
ac_ct_CC='gcc'
bindir='${exec_prefix}/bin'
build='x86_64-unknown-linux-gnu'
build_alias=''
build_cpu='x86_64'
build_os='linux-gnu'
build_vendor='unknown'
datadir='${datarootdir}'
datarootdir='${prefix}/share'
docdir='${datarootdir}/doc/${PACKAGE}'
dvidir='${docdir}'
exec_prefix='${prefix}'
host='x86_64-unknown-linux-gnu'
host_alias=''
host_cpu='x86_64'
host_os='linux-gnu'
host_vendor='unknown'
htmldir='${docdir}'
includedir='${prefix}/include'
infodir='${datarootdir}/info'
libdir='${exec_prefix}/lib'
libexecdir='${exec_prefix}/libexec'
localedir='${datarootdir}/locale'
localstatedir='${prefix}/var'
mandir='${datarootdir}/man'
oldincludedir='/usr/include'
pdfdir='${docdir}'
prefix='/usr/local'
program_transform_name='s,x,x,'
psdir='${docdir}'
sbindir='${exec_prefix}/sbin'
sharedstatedir='${prefix}/com'
sysconfdir='${prefix}/etc'
target='x86_64-unknown-linux-gnu'
target_alias=''
target_cpu='x86_64'
target_os='linux-gnu'
target_vendor='unknown'

## ----------- ##
## confdefs.h. ##
## ----------- ##

/* confdefs.h */
#define PACKAGE_NAME ""
#define PACKAGE_TARNAME ""
#define PACKAGE_VERSION ""
#define PACKAGE_STRING ""
#define PACKAGE_BUGREPORT ""
#define PACKAGE_URL ""
#define HAVE_LIBC 1
#define STDC_HEADERS 1
#define HAVE_SYS_TYPES_H 1
#define HAVE_SYS_STAT_H 1
#define HAVE_STDLIB_H 1
#define HAVE_STRING_H 1
#define HAVE_MEMORY_H 1
#define HAVE_STRINGS_H 1
#define HAVE_INTTYPES_H 1
#define HAVE_STDINT_H 1
#define HAVE_UNISTD_H 1
#define HAVE_GETOPT_H 1
#define HAVE_STDIO_H 1
#define HAVE_STDLIB_H 1
#define HAVE_MEMORY_H 1
#define HAVE_STRING_H 1
#define HAVE_GETOPT_LONG 1
#define HAVE_MEMSET 1
#define HAVE_MEMMOVE 1

configure: exit 0
